#
# There is insufficient memory for the Java Runtime Environment to continue.
# Native memory allocation (malloc) failed to allocate 144496 bytes for Chunk::new
# Possible reasons:
#   The system is out of physical RAM or swap space
#   The process is running with CompressedOops enabled, and the Java Heap may be blocking the growth of the native heap
# Possible solutions:
#   Reduce memory load on the system
#   Increase physical memory or swap space
#   Check if swap backing store is full
#   Decrease Java heap size (-Xmx/-Xms)
#   Decrease number of Java threads
#   Decrease Java thread stack sizes (-Xss)
#   Set larger code cache with -XX:ReservedCodeCacheSize=
#   JVM is running with Unscaled Compressed Oops mode in which the Java heap is
#     placed in the first 4GB address space. The Java Heap base address is the
#     maximum limit for the native heap growth. Please use -XX:HeapBaseMinAddress
#     to set the Java Heap base and to place the Java Heap above 4GB virtual address.
# This output file may be truncated or incomplete.
#
#  Out of Memory Error (allocation.cpp:389), pid=4196, tid=0x0000000000004de4
#
# JRE version: OpenJDK Runtime Environment (8.0_242-b01) (build 1.8.0_242-release-1644-b01)
# Java VM: OpenJDK 64-Bit Server VM (25.242-b01 mixed mode windows-amd64 compressed oops)
# Failed to write core dump. Minidumps are not enabled by default on client versions of Windows
#

---------------  T H R E A D  ---------------

Current thread (0x000000001a4d5000):  JavaThread "C2 CompilerThread2" daemon [_thread_in_native, id=19940, stack(0x000000001c320000,0x000000001c420000)]

Stack: [0x000000001c320000,0x000000001c420000]
[error occurred during error reporting (printing stack bounds), id 0xc0000005]

Native frames: (J=compiled Java code, j=interpreted, Vv=VM code, C=native code)


Current CompileTask:
C2:  13328 6357       4       com.esotericsoftware.kryo.io.Input::readString (127 bytes)


---------------  P R O C E S S  ---------------

Java Threads: ( => current thread )
  0x00000000216f1000 JavaThread "Cache worker for execution history cache (C:\xampp\htdocs\htdocs_1D\D_Mobile_E41192340_BagusBachtiarRizki\SimpleLoginApp\.gradle\6.5\executionHistory)" [_thread_blocked, id=15332, stack(0x0000000030df0000,0x0000000030ef0000)]
  0x00000000216f2800 JavaThread "Execution worker for ':' Thread 15" [_thread_blocked, id=11688, stack(0x0000000030cf0000,0x0000000030df0000)]
  0x00000000216f1800 JavaThread "Execution worker for ':' Thread 14" [_thread_blocked, id=7424, stack(0x0000000030bf0000,0x0000000030cf0000)]
  0x00000000216f0000 JavaThread "Execution worker for ':' Thread 13" [_thread_blocked, id=21724, stack(0x0000000030af0000,0x0000000030bf0000)]
  0x00000000216e4000 JavaThread "Execution worker for ':' Thread 12" [_thread_blocked, id=20936, stack(0x00000000309f0000,0x0000000030af0000)]
  0x00000000216eb000 JavaThread "Execution worker for ':' Thread 11" [_thread_blocked, id=8148, stack(0x00000000308f0000,0x00000000309f0000)]
  0x00000000216e8800 JavaThread "Execution worker for ':' Thread 10" [_thread_blocked, id=21492, stack(0x00000000307f0000,0x00000000308f0000)]
  0x00000000216e8000 JavaThread "Execution worker for ':' Thread 9" [_thread_blocked, id=16592, stack(0x00000000306f0000,0x00000000307f0000)]
  0x00000000216e7000 JavaThread "Execution worker for ':' Thread 8" [_thread_blocked, id=11500, stack(0x00000000305f0000,0x00000000306f0000)]
  0x00000000216e5800 JavaThread "Execution worker for ':' Thread 7" [_thread_blocked, id=10256, stack(0x00000000304f0000,0x00000000305f0000)]
  0x00000000216e6800 JavaThread "Execution worker for ':' Thread 6" [_thread_blocked, id=20124, stack(0x00000000303f0000,0x00000000304f0000)]
  0x00000000216e9800 JavaThread "Execution worker for ':' Thread 5" [_thread_blocked, id=22000, stack(0x00000000302f0000,0x00000000303f0000)]
  0x00000000216e5000 JavaThread "Execution worker for ':' Thread 4" [_thread_blocked, id=19452, stack(0x00000000301f0000,0x00000000302f0000)]
  0x00000000216ea000 JavaThread "Execution worker for ':' Thread 3" [_thread_blocked, id=19920, stack(0x000000002fff0000,0x00000000300f0000)]
  0x000000001f27f000 JavaThread "Execution worker for ':' Thread 2" [_thread_in_vm, id=15308, stack(0x000000002fef0000,0x000000002fff0000)]
  0x000000001f27b800 JavaThread "Execution worker for ':'" [_thread_blocked, id=22084, stack(0x000000002dc30000,0x000000002dd30000)]
  0x000000001f27a800 JavaThread "Cache worker for file content cache (C:\xampp\htdocs\htdocs_1D\D_Mobile_E41192340_BagusBachtiarRizki\SimpleLoginApp\.gradle\6.5\fileContent)" [_thread_blocked, id=20260, stack(0x000000002d930000,0x000000002da30000)]
  0x000000001f27e800 JavaThread "Memory manager" [_thread_blocked, id=19604, stack(0x000000002d830000,0x000000002d930000)]
  0x000000001f278800 JavaThread "Cache worker for Build Output Cleanup Cache (C:\xampp\htdocs\htdocs_1D\D_Mobile_E41192340_BagusBachtiarRizki\SimpleLoginApp\.gradle\buildOutputCleanup)" [_thread_blocked, id=20432, stack(0x000000002b8e0000,0x000000002b9e0000)]
  0x000000001f27a000 JavaThread "jar transforms Thread 92" [_thread_blocked, id=1536, stack(0x000000002b3e0000,0x000000002b4e0000)]
  0x000000001f27c000 JavaThread "jar transforms Thread 91" [_thread_blocked, id=12388, stack(0x000000002b2e0000,0x000000002b3e0000)]
  0x000000001f279000 JavaThread "jar transforms Thread 90" [_thread_blocked, id=15284, stack(0x000000002b1e0000,0x000000002b2e0000)]
  0x000000001f27d000 JavaThread "jar transforms Thread 89" [_thread_blocked, id=19572, stack(0x000000002b0e0000,0x000000002b1e0000)]
  0x000000001f272800 JavaThread "jar transforms Thread 88" [_thread_blocked, id=8464, stack(0x000000002afe0000,0x000000002b0e0000)]
  0x000000001f276000 JavaThread "jar transforms Thread 87" [_thread_blocked, id=20836, stack(0x000000002aee0000,0x000000002afe0000)]
  0x000000001f271000 JavaThread "jar transforms Thread 86" [_thread_blocked, id=20268, stack(0x000000002ade0000,0x000000002aee0000)]
  0x000000001f275800 JavaThread "jar transforms Thread 85" [_thread_blocked, id=21476, stack(0x000000002ace0000,0x000000002ade0000)]
  0x000000001f271800 JavaThread "jar transforms Thread 84" [_thread_blocked, id=18540, stack(0x000000002abe0000,0x000000002ace0000)]
  0x000000001f274800 JavaThread "jar transforms Thread 83" [_thread_blocked, id=17936, stack(0x000000002aae0000,0x000000002abe0000)]
  0x000000001f274000 JavaThread "jar transforms Thread 82" [_thread_blocked, id=20812, stack(0x000000002a9e0000,0x000000002aae0000)]
  0x000000001f277800 JavaThread "jar transforms Thread 81" [_thread_blocked, id=19760, stack(0x000000002a8e0000,0x000000002a9e0000)]
  0x000000001f277000 JavaThread "jar transforms Thread 80" [_thread_blocked, id=6976, stack(0x000000002a7e0000,0x000000002a8e0000)]
  0x000000001f270000 JavaThread "jar transforms Thread 79" [_thread_blocked, id=22264, stack(0x000000002a6e0000,0x000000002a7e0000)]
  0x000000001f273000 JavaThread "jar transforms Thread 78" [_thread_blocked, id=5648, stack(0x000000002a5e0000,0x000000002a6e0000)]
  0x0000000021a38000 JavaThread "jar transforms Thread 77" [_thread_blocked, id=17324, stack(0x000000002a4e0000,0x000000002a5e0000)]
  0x0000000021a36800 JavaThread "jar transforms Thread 76" [_thread_blocked, id=21840, stack(0x000000002a3e0000,0x000000002a4e0000)]
  0x0000000021a35000 JavaThread "jar transforms Thread 75" [_thread_blocked, id=18144, stack(0x000000002a2e0000,0x000000002a3e0000)]
  0x0000000021a34000 JavaThread "jar transforms Thread 74" [_thread_blocked, id=20044, stack(0x000000002a1e0000,0x000000002a2e0000)]
  0x0000000021a35800 JavaThread "jar transforms Thread 73" [_thread_blocked, id=16972, stack(0x000000002a0e0000,0x000000002a1e0000)]
  0x0000000021a39800 JavaThread "jar transforms Thread 72" [_thread_blocked, id=17428, stack(0x0000000029fe0000,0x000000002a0e0000)]
  0x0000000021a37000 JavaThread "jar transforms Thread 71" [_thread_blocked, id=22244, stack(0x0000000029ee0000,0x0000000029fe0000)]
  0x0000000021a38800 JavaThread "jar transforms Thread 70" [_thread_blocked, id=20828, stack(0x0000000029de0000,0x0000000029ee0000)]
  0x0000000021a2c800 JavaThread "jar transforms Thread 69" [_thread_blocked, id=12244, stack(0x0000000029ce0000,0x0000000029de0000)]
  0x0000000021a33800 JavaThread "jar transforms Thread 68" [_thread_blocked, id=2924, stack(0x0000000029be0000,0x0000000029ce0000)]
  0x0000000021a2f000 JavaThread "jar transforms Thread 67" [_thread_blocked, id=21600, stack(0x0000000029ae0000,0x0000000029be0000)]
  0x0000000021a2c000 JavaThread "jar transforms Thread 66" [_thread_blocked, id=19908, stack(0x00000000299e0000,0x0000000029ae0000)]
  0x0000000021a30800 JavaThread "jar transforms Thread 65" [_thread_blocked, id=2412, stack(0x00000000298e0000,0x00000000299e0000)]
  0x0000000021a2e000 JavaThread "jar transforms Thread 64" [_thread_blocked, id=21104, stack(0x00000000297e0000,0x00000000298e0000)]
  0x0000000021a2d800 JavaThread "jar transforms Thread 63" [_thread_blocked, id=5868, stack(0x00000000296e0000,0x00000000297e0000)]
  0x0000000021a2f800 JavaThread "jar transforms Thread 62" [_thread_blocked, id=20344, stack(0x00000000295e0000,0x00000000296e0000)]
  0x0000000021a32000 JavaThread "jar transforms Thread 61" [_thread_blocked, id=21472, stack(0x00000000294e0000,0x00000000295e0000)]
  0x0000000021a32800 JavaThread "jar transforms Thread 60" [_thread_blocked, id=3332, stack(0x00000000293e0000,0x00000000294e0000)]
  0x0000000021a2a800 JavaThread "jar transforms Thread 59" [_thread_blocked, id=21792, stack(0x00000000292e0000,0x00000000293e0000)]
  0x0000000021a31000 JavaThread "jar transforms Thread 58" [_thread_blocked, id=10168, stack(0x00000000291e0000,0x00000000292e0000)]
  0x0000000021a2b000 JavaThread "jar transforms Thread 57" [_thread_blocked, id=19396, stack(0x00000000290e0000,0x00000000291e0000)]
  0x0000000022a6c000 JavaThread "jar transforms Thread 56" [_thread_blocked, id=12272, stack(0x0000000028fe0000,0x00000000290e0000)]
  0x0000000022a6d000 JavaThread "jar transforms Thread 55" [_thread_blocked, id=20084, stack(0x0000000028ee0000,0x0000000028fe0000)]
  0x0000000022a67800 JavaThread "jar transforms Thread 54" [_thread_blocked, id=16040, stack(0x0000000028de0000,0x0000000028ee0000)]
  0x0000000022a69000 JavaThread "jar transforms Thread 53" [_thread_blocked, id=18148, stack(0x0000000028ce0000,0x0000000028de0000)]
  0x0000000022a6a000 JavaThread "jar transforms Thread 52" [_thread_blocked, id=18424, stack(0x0000000028be0000,0x0000000028ce0000)]
  0x0000000022a66000 JavaThread "jar transforms Thread 51" [_thread_blocked, id=18524, stack(0x0000000028ae0000,0x0000000028be0000)]
  0x0000000022a6b800 JavaThread "jar transforms Thread 50" [_thread_blocked, id=20132, stack(0x00000000289e0000,0x0000000028ae0000)]
  0x0000000022a67000 JavaThread "jar transforms Thread 49" [_thread_blocked, id=7376, stack(0x00000000288e0000,0x00000000289e0000)]
  0x0000000022a68800 JavaThread "jar transforms Thread 48" [_thread_blocked, id=20356, stack(0x00000000287e0000,0x00000000288e0000)]
  0x0000000022a65800 JavaThread "jar transforms Thread 47" [_thread_blocked, id=16240, stack(0x00000000286e0000,0x00000000287e0000)]
  0x0000000022a6a800 JavaThread "jar transforms Thread 46" [_thread_blocked, id=21168, stack(0x00000000285e0000,0x00000000286e0000)]
  0x0000000022a5e000 JavaThread "jar transforms Thread 45" [_thread_blocked, id=15076, stack(0x00000000284e0000,0x00000000285e0000)]
  0x0000000022a62800 JavaThread "jar transforms Thread 44" [_thread_blocked, id=20960, stack(0x00000000283e0000,0x00000000284e0000)]
  0x0000000022a61800 JavaThread "jar transforms Thread 43" [_thread_blocked, id=19392, stack(0x00000000282e0000,0x00000000283e0000)]
  0x0000000022a64000 JavaThread "jar transforms Thread 42" [_thread_blocked, id=21740, stack(0x00000000281e0000,0x00000000282e0000)]
  0x0000000022a63000 JavaThread "jar transforms Thread 41" [_thread_blocked, id=3096, stack(0x00000000280e0000,0x00000000281e0000)]
  0x0000000022a61000 JavaThread "jar transforms Thread 40" [_thread_blocked, id=18664, stack(0x0000000027fe0000,0x00000000280e0000)]
  0x0000000022a60000 JavaThread "jar transforms Thread 39" [_thread_blocked, id=18320, stack(0x0000000027ee0000,0x0000000027fe0000)]
  0x0000000022a5e800 JavaThread "jar transforms Thread 38" [_thread_blocked, id=21132, stack(0x0000000027de0000,0x0000000027ee0000)]
  0x0000000022a5f800 JavaThread "jar transforms Thread 37" [_thread_blocked, id=18516, stack(0x0000000027ce0000,0x0000000027de0000)]
  0x0000000022a64800 JavaThread "jar transforms Thread 36" [_thread_blocked, id=21640, stack(0x0000000027be0000,0x0000000027ce0000)]
  0x000000001d307000 JavaThread "jar transforms Thread 35" [_thread_blocked, id=22488, stack(0x0000000027ae0000,0x0000000027be0000)]
  0x000000001d306800 JavaThread "jar transforms Thread 34" [_thread_blocked, id=19952, stack(0x00000000279e0000,0x0000000027ae0000)]
  0x000000001d304000 JavaThread "jar transforms Thread 33" [_thread_blocked, id=21244, stack(0x00000000278e0000,0x00000000279e0000)]
  0x000000001d308800 JavaThread "jar transforms Thread 32" [_thread_blocked, id=21760, stack(0x00000000277e0000,0x00000000278e0000)]
  0x000000001d308000 JavaThread "jar transforms Thread 31" [_thread_blocked, id=10160, stack(0x00000000276e0000,0x00000000277e0000)]
  0x000000001d309800 JavaThread "jar transforms Thread 30" [_thread_blocked, id=4088, stack(0x00000000275e0000,0x00000000276e0000)]
  0x000000001d305800 JavaThread "jar transforms Thread 29" [_thread_blocked, id=22208, stack(0x00000000274e0000,0x00000000275e0000)]
  0x000000001d2ff000 JavaThread "jar transforms Thread 28" [_thread_blocked, id=8748, stack(0x00000000273e0000,0x00000000274e0000)]
  0x000000001d303800 JavaThread "jar transforms Thread 27" [_thread_blocked, id=19236, stack(0x00000000272e0000,0x00000000273e0000)]
  0x000000001d305000 JavaThread "jar transforms Thread 26" [_thread_blocked, id=19412, stack(0x00000000271e0000,0x00000000272e0000)]
  0x000000001d2fc000 JavaThread "jar transforms Thread 25" [_thread_blocked, id=20612, stack(0x00000000270e0000,0x00000000271e0000)]
  0x000000001d2ff800 JavaThread "jar transforms Thread 24" [_thread_blocked, id=17868, stack(0x0000000026fe0000,0x00000000270e0000)]
  0x000000001d302800 JavaThread "jar transforms Thread 23" [_thread_blocked, id=17820, stack(0x0000000026ee0000,0x0000000026fe0000)]
  0x000000001d2fe000 JavaThread "jar transforms Thread 22" [_thread_blocked, id=8088, stack(0x0000000026de0000,0x0000000026ee0000)]
  0x000000001d302000 JavaThread "jar transforms Thread 21" [_thread_blocked, id=21616, stack(0x0000000026ce0000,0x0000000026de0000)]
  0x000000001d2fa800 JavaThread "jar transforms Thread 20" [_thread_blocked, id=20364, stack(0x0000000026be0000,0x0000000026ce0000)]
  0x000000001d300800 JavaThread "jar transforms Thread 19" [_thread_blocked, id=19728, stack(0x0000000026ae0000,0x0000000026be0000)]
  0x000000001d2fd800 JavaThread "jar transforms Thread 18" [_thread_blocked, id=12976, stack(0x00000000269e0000,0x0000000026ae0000)]
  0x000000001d2fc800 JavaThread "jar transforms Thread 17" [_thread_blocked, id=19984, stack(0x00000000268e0000,0x00000000269e0000)]
  0x000000001d301000 JavaThread "jar transforms Thread 16" [_thread_blocked, id=22220, stack(0x00000000267e0000,0x00000000268e0000)]
  0x000000001d2fb000 JavaThread "jar transforms Thread 15" [_thread_blocked, id=21788, stack(0x00000000266e0000,0x00000000267e0000)]
  0x0000000021768800 JavaThread "jar transforms Thread 14" [_thread_blocked, id=22140, stack(0x00000000265e0000,0x00000000266e0000)]
  0x0000000021767800 JavaThread "jar transforms Thread 13" [_thread_blocked, id=13676, stack(0x00000000264e0000,0x00000000265e0000)]
  0x000000002176b800 JavaThread "jar transforms Thread 12" [_thread_blocked, id=20056, stack(0x00000000263e0000,0x00000000264e0000)]
  0x0000000021764800 JavaThread "jar transforms Thread 11" [_thread_blocked, id=11336, stack(0x00000000262e0000,0x00000000263e0000)]
  0x0000000021769000 JavaThread "jar transforms Thread 10" [_thread_blocked, id=15424, stack(0x00000000261e0000,0x00000000262e0000)]
  0x0000000021767000 JavaThread "jar transforms Thread 9" [_thread_blocked, id=20080, stack(0x00000000260e0000,0x00000000261e0000)]
  0x000000002176a800 JavaThread "jar transforms Thread 8" [_thread_blocked, id=10296, stack(0x0000000025fe0000,0x00000000260e0000)]
  0x0000000021766000 JavaThread "jar transforms Thread 7" [_thread_blocked, id=16976, stack(0x0000000025ee0000,0x0000000025fe0000)]
  0x0000000021765800 JavaThread "jar transforms Thread 6" [_thread_blocked, id=17788, stack(0x0000000025de0000,0x0000000025ee0000)]
  0x000000002176a000 JavaThread "jar transforms Thread 5" [_thread_blocked, id=20288, stack(0x0000000025ce0000,0x0000000025de0000)]
  0x000000002175d000 JavaThread "jar transforms Thread 4" [_thread_blocked, id=14228, stack(0x0000000025be0000,0x0000000025ce0000)]
  0x0000000021764000 JavaThread "jar transforms Thread 3" [_thread_blocked, id=19672, stack(0x0000000025ae0000,0x0000000025be0000)]
  0x000000002175c000 JavaThread "jar transforms Thread 2" [_thread_blocked, id=13132, stack(0x00000000259e0000,0x0000000025ae0000)]
  0x0000000021762800 JavaThread "Build operations Thread 16" [_thread_blocked, id=15804, stack(0x00000000258e0000,0x00000000259e0000)]
  0x0000000021763000 JavaThread "Build operations Thread 15" [_thread_blocked, id=20772, stack(0x00000000257e0000,0x00000000258e0000)]
  0x0000000021761800 JavaThread "Build operations Thread 14" [_thread_blocked, id=10264, stack(0x00000000256e0000,0x00000000257e0000)]
  0x000000002175e800 JavaThread "Build operations Thread 13" [_thread_blocked, id=22160, stack(0x00000000255e0000,0x00000000256e0000)]
  0x0000000021761000 JavaThread "Build operations Thread 12" [_thread_blocked, id=21392, stack(0x00000000254e0000,0x00000000255e0000)]
  0x000000002175e000 JavaThread "Build operations Thread 11" [_thread_blocked, id=12432, stack(0x00000000253e0000,0x00000000254e0000)]
  0x0000000021760000 JavaThread "Build operations Thread 10" [_thread_blocked, id=13772, stack(0x00000000252e0000,0x00000000253e0000)]
  0x000000002175f800 JavaThread "Build operations Thread 9" [_thread_blocked, id=21812, stack(0x00000000251e0000,0x00000000252e0000)]
  0x000000001ee8e000 JavaThread "Build operations Thread 8" [_thread_blocked, id=14204, stack(0x00000000250e0000,0x00000000251e0000)]
  0x000000001ee93800 JavaThread "Build operations Thread 7" [_thread_blocked, id=4624, stack(0x0000000024fe0000,0x00000000250e0000)]
  0x000000001ee8c000 JavaThread "Build operations Thread 6" [_thread_blocked, id=16696, stack(0x0000000024ee0000,0x0000000024fe0000)]
  0x000000001ee92800 JavaThread "Build operations Thread 5" [_thread_blocked, id=17108, stack(0x0000000024de0000,0x0000000024ee0000)]
  0x000000001ee91000 JavaThread "Build operations Thread 4" [_thread_blocked, id=22144, stack(0x0000000024ce0000,0x0000000024de0000)]
  0x000000001ee8d800 JavaThread "Build operations Thread 3" [_thread_blocked, id=21596, stack(0x0000000024be0000,0x0000000024ce0000)]
  0x000000001ee8c800 JavaThread "Build operations Thread 2" [_thread_blocked, id=12452, stack(0x0000000024ae0000,0x0000000024be0000)]
  0x000000001ee90800 JavaThread "Build operations" [_thread_blocked, id=20360, stack(0x00000000249e0000,0x0000000024ae0000)]
  0x000000001ee87800 JavaThread "Cache worker for file content cache (C:\Users\Bagus Bachtiar\.gradle\caches\6.5\fileContent)" [_thread_blocked, id=3312, stack(0x00000000242e0000,0x00000000243e0000)]
  0x000000001ee8a800 JavaThread "jar transforms" [_thread_blocked, id=16948, stack(0x00000000241e0000,0x00000000242e0000)]
  0x000000001ee86800 JavaThread "Cache worker for execution history cache (C:\Users\Bagus Bachtiar\.gradle\caches\6.5\executionHistory)" [_thread_blocked, id=16584, stack(0x0000000023ae0000,0x0000000023be0000)]
  0x000000001ee86000 JavaThread "Cache worker for cache directory md-rule (C:\Users\Bagus Bachtiar\.gradle\caches\6.5\md-rule)" [_thread_blocked, id=21972, stack(0x00000000239e0000,0x0000000023ae0000)]
  0x000000001ee85000 JavaThread "Cache worker for cache directory md-supplier (C:\Users\Bagus Bachtiar\.gradle\caches\6.5\md-supplier)" [_thread_blocked, id=11184, stack(0x00000000238e0000,0x00000000239e0000)]
  0x000000001ee88000 JavaThread "Cache worker for checksums cache (C:\xampp\htdocs\htdocs_1D\D_Mobile_E41192340_BagusBachtiarRizki\SimpleLoginApp\.gradle\checksums)" [_thread_blocked, id=19540, stack(0x00000000236e0000,0x00000000237e0000)]
  0x000000001ee89800 JavaThread "Cache worker for file hash cache (C:\xampp\htdocs\htdocs_1D\D_Mobile_E41192340_BagusBachtiarRizki\SimpleLoginApp\.gradle\6.5\fileHashes)" [_thread_blocked, id=7300, stack(0x00000000233e0000,0x00000000234e0000)]
  0x000000001ee89000 JavaThread "Cache worker for file hash cache (C:\Users\Bagus Bachtiar\.gradle\caches\6.5\fileHashes)" [_thread_blocked, id=7632, stack(0x0000000020f40000,0x0000000021040000)]
  0x000000001a4e6000 JavaThread "File lock request listener" [_thread_in_native, id=20320, stack(0x0000000020e40000,0x0000000020f40000)]
  0x000000001eaf2800 JavaThread "Cache worker for journal cache (C:\Users\Bagus Bachtiar\.gradle\caches\journal-1)" [_thread_blocked, id=20144, stack(0x0000000020d40000,0x0000000020e40000)]
  0x000000001e411800 JavaThread "Thread-9" [_thread_blocked, id=19860, stack(0x0000000020a40000,0x0000000020b40000)]
  0x000000001e410000 JavaThread "Stdin handler" [_thread_blocked, id=18908, stack(0x0000000020940000,0x0000000020a40000)]
  0x000000001e40f800 JavaThread "Asynchronous log dispatcher for DefaultDaemonConnection: socket connection from /127.0.0.1:49777 to /127.0.0.1:49778" [_thread_blocked, id=19892, stack(0x0000000020840000,0x0000000020940000)]
  0x000000001df7a800 JavaThread "Daemon worker" [_thread_blocked, id=19644, stack(0x0000000020740000,0x0000000020840000)]
  0x000000001df75000 JavaThread "Cancel handler" [_thread_blocked, id=6140, stack(0x0000000020640000,0x0000000020740000)]
  0x000000001e4ab000 JavaThread "Handler for socket connection from /127.0.0.1:49777 to /127.0.0.1:49778" [_thread_in_native, id=5608, stack(0x0000000020540000,0x0000000020640000)]
  0x000000001e4a8800 JavaThread "Daemon" [_thread_blocked, id=20776, stack(0x0000000020440000,0x0000000020540000)]
  0x000000001e579000 JavaThread "Daemon periodic checks" [_thread_blocked, id=3924, stack(0x0000000020140000,0x0000000020240000)]
  0x000000001e8b5800 JavaThread "Incoming local TCP Connector on port 49777" [_thread_in_native, id=17800, stack(0x000000001ff00000,0x0000000020000000)]
  0x000000001e881000 JavaThread "Daemon health stats" [_thread_blocked, id=17264, stack(0x000000001f8c0000,0x000000001f9c0000)]
  0x000000001a5a8000 JavaThread "Service Thread" daemon [_thread_blocked, id=21804, stack(0x000000001cd20000,0x000000001ce20000)]
  0x000000001a4e5000 JavaThread "C1 CompilerThread11" daemon [_thread_blocked, id=17568, stack(0x000000001cc20000,0x000000001cd20000)]
  0x000000001a4e7800 JavaThread "C1 CompilerThread10" daemon [_thread_blocked, id=21652, stack(0x000000001cb20000,0x000000001cc20000)]
  0x000000001a4e2000 JavaThread "C1 CompilerThread9" daemon [_thread_blocked, id=32, stack(0x000000001ca20000,0x000000001cb20000)]
  0x000000001a4e3800 JavaThread "C1 CompilerThread8" daemon [_thread_blocked, id=660, stack(0x000000001c920000,0x000000001ca20000)]
  0x000000001a4e6800 JavaThread "C2 CompilerThread7" daemon [_thread_blocked, id=17344, stack(0x000000001c820000,0x000000001c920000)]
  0x000000001a4e1800 JavaThread "C2 CompilerThread6" daemon [_thread_blocked, id=12512, stack(0x000000001c720000,0x000000001c820000)]
  0x000000001a4e0800 JavaThread "C2 CompilerThread5" daemon [_thread_blocked, id=13044, stack(0x000000001c620000,0x000000001c720000)]
  0x000000001a4e4800 JavaThread "C2 CompilerThread4" daemon [_thread_blocked, id=21672, stack(0x000000001c520000,0x000000001c620000)]
  0x000000001a4e3000 JavaThread "C2 CompilerThread3" daemon [_thread_blocked, id=12172, stack(0x000000001c420000,0x000000001c520000)]
=>0x000000001a4d5000 JavaThread "C2 CompilerThread2" daemon [_thread_in_native, id=19940, stack(0x000000001c320000,0x000000001c420000)]
  0x000000001a4d2800 JavaThread "C2 CompilerThread1" daemon [_thread_blocked, id=19424, stack(0x000000001c220000,0x000000001c320000)]
  0x000000001a4d0000 JavaThread "C2 CompilerThread0" daemon [_thread_blocked, id=19768, stack(0x000000001c120000,0x000000001c220000)]
  0x000000001a4cf800 JavaThread "Attach Listener" daemon [_thread_blocked, id=10332, stack(0x000000001c020000,0x000000001c120000)]
  0x0000000018a6e800 JavaThread "Signal Dispatcher" daemon [_thread_blocked, id=13496, stack(0x000000001bf20000,0x000000001c020000)]
  0x0000000018a62000 JavaThread "Finalizer" daemon [_thread_blocked, id=11644, stack(0x000000001bd20000,0x000000001be20000)]
  0x000000001a4b6000 JavaThread "Reference Handler" daemon [_thread_blocked, id=11456, stack(0x000000001bc20000,0x000000001bd20000)]
  0x00000000033ee800 JavaThread "main" [_thread_blocked, id=17028, stack(0x0000000003220000,0x0000000003320000)]

Other Threads:
  0x000000001a492000 VMThread [stack: 0x000000001bb20000,0x000000001bc20000] [id=11276]
  0x000000001a5ad000 WatcherThread [stack: 0x000000001ce20000,0x000000001cf20000] [id=21764]

VM state:not at safepoint (normal execution)

VM Mutex/Monitor currently owned by a thread: None

heap address: 0x0000000080000000, size: 2048 MB, Compressed Oops mode: 32-bit
Narrow klass base: 0x0000000000000000, Narrow klass shift: 3
Compressed class space size: 1073741824 Address: 0x0000000100000000

Heap:
 PSYoungGen      total 195072K, used 83229K [0x00000000d5580000, 0x00000000e2800000, 0x0000000100000000)
  eden space 177152K, 46% used [0x00000000d5580000,0x00000000da6c76e0,0x00000000e0280000)
  from space 17920K, 0% used [0x00000000e1380000,0x00000000e1380000,0x00000000e2500000)
  to   space 17408K, 0% used [0x00000000e0280000,0x00000000e0280000,0x00000000e1380000)
 ParOldGen       total 119296K, used 31407K [0x0000000080000000, 0x0000000087480000, 0x00000000d5580000)
  object space 119296K, 26% used [0x0000000080000000,0x0000000081eabc20,0x0000000087480000)
 Metaspace       used 62293K, capacity 64923K, committed 65048K, reserved 1105920K
  class space    used 8641K, capacity 9145K, committed 9264K, reserved 1048576K

Card table byte_map: [0x00000000128b0000,0x0000000012cc0000] byte_map_base: 0x00000000124b0000

Marking Bits: (ParMarkBitMap*) 0x0000000077c0f030
 Begin Bits: [0x0000000013c70000, 0x0000000015c70000)
 End Bits:   [0x0000000015c70000, 0x0000000017c70000)

Polling page: 0x0000000001940000

CodeCache: size=245760Kb used=21282Kb max_used=21499Kb free=224477Kb
 bounds [0x00000000034f0000, 0x0000000004a10000, 0x00000000124f0000]
 total_blobs=6571 nmethods=5784 adapters=696
 compilation: enabled

Compilation events (10 events):
Event: 13.323 Thread 0x000000001a4e7800 nmethod 6354 0x00000000039d34d0 code [0x00000000039d3640, 0x00000000039d3868]
Event: 13.323 Thread 0x000000001a4e2000 nmethod 6353 0x0000000003cd3910 code [0x0000000003cd3ae0, 0x0000000003cd4188]
Event: 13.323 Thread 0x000000001a4e2000 6355       3       java.util.Spliterators$IteratorSpliterator::<init> (39 bytes)
Event: 13.324 Thread 0x000000001a4e2000 nmethod 6355 0x0000000003c2ed90 code [0x0000000003c2ef00, 0x0000000003c2f150]
Event: 13.324 Thread 0x000000001a4e5000 nmethod 6360 0x000000000397b610 code [0x000000000397b7e0, 0x000000000397bf28]
Event: 13.324 Thread 0x000000001a4e5000 6356       3       java.util.Spliterators$IteratorSpliterator::estimateSize (41 bytes)
Event: 13.324 Thread 0x000000001a4e2000 6358       3       java.util.Spliterators::spliterator (16 bytes)
Event: 13.324 Thread 0x000000001a4e3800 nmethod 6359 0x0000000003901010 code [0x0000000003901260, 0x0000000003901ff8]
Event: 13.324 Thread 0x000000001a4e5000 nmethod 6356 0x000000000397b010 code [0x000000000397b180, 0x000000000397b4d8]
Event: 13.324 Thread 0x000000001a4e2000 nmethod 6358 0x0000000003ac6250 code [0x0000000003ac63e0, 0x0000000003ac66f8]

GC Heap History (10 events):
Event: 6.977 GC heap before
{Heap before GC invocations=11 (full 2):
 PSYoungGen      total 128512K, used 10239K [0x00000000d5580000, 0x00000000def80000, 0x0000000100000000)
  eden space 118272K, 0% used [0x00000000d5580000,0x00000000d5580000,0x00000000dc900000)
  from space 10240K, 99% used [0x00000000dc900000,0x00000000dd2fffc8,0x00000000dd300000)
  to   space 11776K, 0% used [0x00000000de400000,0x00000000de400000,0x00000000def80000)
 ParOldGen       total 53248K, used 9396K [0x0000000080000000, 0x0000000083400000, 0x00000000d5580000)
  object space 53248K, 17% used [0x0000000080000000,0x000000008092d0a8,0x0000000083400000)
 Metaspace       used 34244K, capacity 35412K, committed 35496K, reserved 1079296K
  class space    used 4703K, capacity 5001K, committed 5040K, reserved 1048576K
Event: 7.017 GC heap after
Heap after GC invocations=11 (full 2):
 PSYoungGen      total 128512K, used 0K [0x00000000d5580000, 0x00000000def80000, 0x0000000100000000)
  eden space 118272K, 0% used [0x00000000d5580000,0x00000000d5580000,0x00000000dc900000)
  from space 10240K, 0% used [0x00000000dc900000,0x00000000dc900000,0x00000000dd300000)
  to   space 11776K, 0% used [0x00000000de400000,0x00000000de400000,0x00000000def80000)
 ParOldGen       total 80896K, used 17575K [0x0000000080000000, 0x0000000084f00000, 0x00000000d5580000)
  object space 80896K, 21% used [0x0000000080000000,0x0000000081129e48,0x0000000084f00000)
 Metaspace       used 34244K, capacity 35412K, committed 35496K, reserved 1079296K
  class space    used 4703K, capacity 5001K, committed 5040K, reserved 1048576K
}
Event: 8.935 GC heap before
{Heap before GC invocations=12 (full 2):
 PSYoungGen      total 128512K, used 118272K [0x00000000d5580000, 0x00000000def80000, 0x0000000100000000)
  eden space 118272K, 100% used [0x00000000d5580000,0x00000000dc900000,0x00000000dc900000)
  from space 10240K, 0% used [0x00000000dc900000,0x00000000dc900000,0x00000000dd300000)
  to   space 11776K, 0% used [0x00000000de400000,0x00000000de400000,0x00000000def80000)
 ParOldGen       total 80896K, used 17575K [0x0000000080000000, 0x0000000084f00000, 0x00000000d5580000)
  object space 80896K, 21% used [0x0000000080000000,0x0000000081129e48,0x0000000084f00000)
 Metaspace       used 40380K, capacity 42352K, committed 42664K, reserved 1085440K
  class space    used 5556K, capacity 5978K, committed 6064K, reserved 1048576K
Event: 8.949 GC heap after
Heap after GC invocations=12 (full 2):
 PSYoungGen      total 144896K, used 10143K [0x00000000d5580000, 0x00000000e0680000, 0x0000000100000000)
  eden space 133120K, 0% used [0x00000000d5580000,0x00000000d5580000,0x00000000dd780000)
  from space 11776K, 86% used [0x00000000de400000,0x00000000dede7d08,0x00000000def80000)
  to   space 12800K, 0% used [0x00000000dd780000,0x00000000dd780000,0x00000000de400000)
 ParOldGen       total 80896K, used 17583K [0x0000000080000000, 0x0000000084f00000, 0x00000000d5580000)
  object space 80896K, 21% used [0x0000000080000000,0x000000008112be48,0x0000000084f00000)
 Metaspace       used 40380K, capacity 42352K, committed 42664K, reserved 1085440K
  class space    used 5556K, capacity 5978K, committed 6064K, reserved 1048576K
}
Event: 10.954 GC heap before
{Heap before GC invocations=13 (full 2):
 PSYoungGen      total 144896K, used 143263K [0x00000000d5580000, 0x00000000e0680000, 0x0000000100000000)
  eden space 133120K, 100% used [0x00000000d5580000,0x00000000dd780000,0x00000000dd780000)
  from space 11776K, 86% used [0x00000000de400000,0x00000000dede7d08,0x00000000def80000)
  to   space 12800K, 0% used [0x00000000dd780000,0x00000000dd780000,0x00000000de400000)
 ParOldGen       total 80896K, used 17583K [0x0000000080000000, 0x0000000084f00000, 0x00000000d5580000)
  object space 80896K, 21% used [0x0000000080000000,0x000000008112be48,0x0000000084f00000)
 Metaspace       used 52641K, capacity 54876K, committed 55080K, reserved 1097728K
  class space    used 7029K, capacity 7464K, committed 7472K, reserved 1048576K
Event: 10.990 GC heap after
Heap after GC invocations=13 (full 2):
 PSYoungGen      total 145920K, used 12780K [0x00000000d5580000, 0x00000000e2500000, 0x0000000100000000)
  eden space 133120K, 0% used [0x00000000d5580000,0x00000000d5580000,0x00000000dd780000)
  from space 12800K, 99% used [0x00000000dd780000,0x00000000de3fb330,0x00000000de400000)
  to   space 17920K, 0% used [0x00000000e1380000,0x00000000e1380000,0x00000000e2500000)
 ParOldGen       total 80896K, used 26695K [0x0000000080000000, 0x0000000084f00000, 0x00000000d5580000)
  object space 80896K, 32% used [0x0000000080000000,0x0000000081a11c08,0x0000000084f00000)
 Metaspace       used 52641K, capacity 54876K, committed 55080K, reserved 1097728K
  class space    used 7029K, capacity 7464K, committed 7472K, reserved 1048576K
}
Event: 11.689 GC heap before
{Heap before GC invocations=14 (full 2):
 PSYoungGen      total 145920K, used 60061K [0x00000000d5580000, 0x00000000e2500000, 0x0000000100000000)
  eden space 133120K, 35% used [0x00000000d5580000,0x00000000d83ac3b8,0x00000000dd780000)
  from space 12800K, 99% used [0x00000000dd780000,0x00000000de3fb330,0x00000000de400000)
  to   space 17920K, 0% used [0x00000000e1380000,0x00000000e1380000,0x00000000e2500000)
 ParOldGen       total 80896K, used 26695K [0x0000000080000000, 0x0000000084f00000, 0x00000000d5580000)
  object space 80896K, 32% used [0x0000000080000000,0x0000000081a11c08,0x0000000084f00000)
 Metaspace       used 56699K, capacity 59147K, committed 59160K, reserved 1099776K
  class space    used 7750K, capacity 8240K, committed 8240K, reserved 1048576K
Event: 11.708 GC heap after
Heap after GC invocations=14 (full 2):
 PSYoungGen      total 195072K, used 5375K [0x00000000d5580000, 0x00000000e2800000, 0x0000000100000000)
  eden space 177152K, 0% used [0x00000000d5580000,0x00000000d5580000,0x00000000e0280000)
  from space 17920K, 29% used [0x00000000e1380000,0x00000000e18bfc58,0x00000000e2500000)
  to   space 17408K, 0% used [0x00000000e0280000,0x00000000e0280000,0x00000000e1380000)
 ParOldGen       total 80896K, used 39451K [0x0000000080000000, 0x0000000084f00000, 0x00000000d5580000)
  object space 80896K, 48% used [0x0000000080000000,0x0000000082686ee8,0x0000000084f00000)
 Metaspace       used 56699K, capacity 59147K, committed 59160K, reserved 1099776K
  class space    used 7750K, capacity 8240K, committed 8240K, reserved 1048576K
}
Event: 11.708 GC heap before
{Heap before GC invocations=15 (full 3):
 PSYoungGen      total 195072K, used 5375K [0x00000000d5580000, 0x00000000e2800000, 0x0000000100000000)
  eden space 177152K, 0% used [0x00000000d5580000,0x00000000d5580000,0x00000000e0280000)
  from space 17920K, 29% used [0x00000000e1380000,0x00000000e18bfc58,0x00000000e2500000)
  to   space 17408K, 0% used [0x00000000e0280000,0x00000000e0280000,0x00000000e1380000)
 ParOldGen       total 80896K, used 39451K [0x0000000080000000, 0x0000000084f00000, 0x00000000d5580000)
  object space 80896K, 48% used [0x0000000080000000,0x0000000082686ee8,0x0000000084f00000)
 Metaspace       used 56699K, capacity 59147K, committed 59160K, reserved 1099776K
  class space    used 7750K, capacity 8240K, committed 8240K, reserved 1048576K
Event: 11.848 GC heap after
Heap after GC invocations=15 (full 3):
 PSYoungGen      total 195072K, used 0K [0x00000000d5580000, 0x00000000e2800000, 0x0000000100000000)
  eden space 177152K, 0% used [0x00000000d5580000,0x00000000d5580000,0x00000000e0280000)
  from space 17920K, 0% used [0x00000000e1380000,0x00000000e1380000,0x00000000e2500000)
  to   space 17408K, 0% used [0x00000000e0280000,0x00000000e0280000,0x00000000e1380000)
 ParOldGen       total 119296K, used 31407K [0x0000000080000000, 0x0000000087480000, 0x00000000d5580000)
  object space 119296K, 26% used [0x0000000080000000,0x0000000081eabc20,0x0000000087480000)
 Metaspace       used 56613K, capacity 58859K, committed 59160K, reserved 1099776K
  class space    used 7724K, capacity 8192K, committed 8240K, reserved 1048576K
}

Deoptimization events (10 events):
Event: 13.142 Thread 0x000000001f27f000 Uncommon trap: reason=bimorphic action=maybe_recompile pc=0x000000000498e36c method=com.google.common.base.Objects.equal(Ljava/lang/Object;Ljava/lang/Object;)Z @ 11
Event: 13.142 Thread 0x000000001f27f000 Uncommon trap: reason=bimorphic action=maybe_recompile pc=0x000000000498e36c method=com.google.common.base.Objects.equal(Ljava/lang/Object;Ljava/lang/Object;)Z @ 11
Event: 13.209 Thread 0x000000001f27f000 Uncommon trap: reason=class_check action=maybe_recompile pc=0x00000000040a2754 method=java.util.Collections$SetFromMap.remove(Ljava/lang/Object;)Z @ 5
Event: 13.209 Thread 0x000000001f27f000 Uncommon trap: reason=bimorphic action=maybe_recompile pc=0x000000000498a698 method=com.google.common.base.Objects.equal(Ljava/lang/Object;Ljava/lang/Object;)Z @ 11
Event: 13.229 Thread 0x00000000216f1000 Uncommon trap: reason=bimorphic action=maybe_recompile pc=0x0000000003898790 method=java.util.Arrays.binarySearch0([Ljava/lang/Object;IILjava/lang/Object;Ljava/util/Comparator;)I @ 48
Event: 13.229 Thread 0x00000000216f1000 Uncommon trap: reason=bimorphic action=maybe_recompile pc=0x0000000003898790 method=java.util.Arrays.binarySearch0([Ljava/lang/Object;IILjava/lang/Object;Ljava/util/Comparator;)I @ 48
Event: 13.229 Thread 0x00000000216f1000 Uncommon trap: reason=bimorphic action=maybe_recompile pc=0x0000000003898790 method=java.util.Arrays.binarySearch0([Ljava/lang/Object;IILjava/lang/Object;Ljava/util/Comparator;)I @ 48
Event: 13.229 Thread 0x00000000216f1000 Uncommon trap: reason=bimorphic action=maybe_recompile pc=0x0000000003898790 method=java.util.Arrays.binarySearch0([Ljava/lang/Object;IILjava/lang/Object;Ljava/util/Comparator;)I @ 48
Event: 13.229 Thread 0x00000000216f1000 Uncommon trap: reason=bimorphic action=maybe_recompile pc=0x000000000444c1d0 method=java.util.Arrays.binarySearch0([Ljava/lang/Object;IILjava/lang/Object;Ljava/util/Comparator;)I @ 48
Event: 13.300 Thread 0x000000001f27f000 Uncommon trap: reason=predicate action=maybe_recompile pc=0x0000000003cc05f8 method=java.util.AbstractCollection.toArray([Ljava/lang/Object;)[Ljava/lang/Object; @ 49

Classes redefined (0 events):
No events

Internal exceptions (10 events):
Event: 12.366 Thread 0x000000001df7a800 Exception <a 'java/lang/ClassNotFoundException': org/gradle/api/internal/file/CompositeFileCollectionCustomizer> (0x00000000d757e450) thrown at [C:\src\AOSP-openjdk-git\hotspot\src\share\vm\classfile\systemDictionary.cpp, line 210]
Event: 12.367 Thread 0x000000001df7a800 Exception <a 'java/lang/ClassNotFoundException': org/gradle/api/internal/file/CompositeFileTreeCustomizer> (0x00000000d75a4670) thrown at [C:\src\AOSP-openjdk-git\hotspot\src\share\vm\classfile\systemDictionary.cpp, line 210]
Event: 12.367 Thread 0x000000001df7a800 Exception <a 'java/lang/ClassNotFoundException': org/gradle/api/internal/file/collections/DefaultConfigurableFileTreeCustomizer> (0x00000000d75d11f8) thrown at [C:\src\AOSP-openjdk-git\hotspot\src\share\vm\classfile\systemDictionary.cpp, line 210]
Event: 13.095 Thread 0x000000001e411800 Exception <a 'java/lang/NoSuchMethodError': <clinit>> (0x00000000d58949c8) thrown at [C:\src\AOSP-openjdk-git\hotspot\src\share\vm\prims\jni.cpp, line 1615]
Event: 13.097 Thread 0x000000001e411800 Exception <a 'java/lang/NoSuchMethodError': <clinit>> (0x00000000d58a00c0) thrown at [C:\src\AOSP-openjdk-git\hotspot\src\share\vm\prims\jni.cpp, line 1615]
Event: 13.137 Thread 0x000000001e411800 Exception <a 'java/lang/NoSuchMethodError': <clinit>> (0x00000000d58acbc8) thrown at [C:\src\AOSP-openjdk-git\hotspot\src\share\vm\prims\jni.cpp, line 1615]
Event: 13.140 Thread 0x000000001e411800 Exception <a 'java/lang/NoSuchMethodError': <clinit>> (0x00000000d9aa11a8) thrown at [C:\src\AOSP-openjdk-git\hotspot\src\share\vm\prims\jni.cpp, line 1615]
Event: 13.140 Thread 0x000000001e411800 Exception <a 'java/lang/NoSuchMethodError': <clinit>> (0x00000000d9aa2ce0) thrown at [C:\src\AOSP-openjdk-git\hotspot\src\share\vm\prims\jni.cpp, line 1615]
Event: 13.210 Thread 0x000000001e411800 Exception <a 'java/lang/NoSuchMethodError': <clinit>> (0x00000000d9aafb60) thrown at [C:\src\AOSP-openjdk-git\hotspot\src\share\vm\prims\jni.cpp, line 1615]
Event: 13.255 Thread 0x000000001f27f000 Exception <a 'java/lang/NoSuchMethodError': java.lang.Object.lambda$static$0(Lorg/gradle/internal/snapshot/SnapshotHierarchy$DiffCapturingUpdateFunction;Lorg/gradle/internal/snapshot/SnapshotHierarchy;)Lorg/gradle/internal/snapshot/SnapshotHierarchy;> (0x

Events (10 events):
Event: 13.321 loading class org/gradle/internal/component/external/model/ModuleDependencyMetadata
Event: 13.321 loading class org/gradle/internal/component/external/model/ModuleDependencyMetadata done
Event: 13.321 loading class org/gradle/api/specs/Spec
Event: 13.321 loading class org/gradle/api/specs/Spec done
Event: 13.321 loading class org/gradle/api/specs/Spec
Event: 13.321 loading class org/gradle/api/specs/Spec done
Event: 13.326 loading class org/gradle/internal/component/external/model/LazyVariantBackedConfigurationMetadata
Event: 13.326 loading class org/gradle/internal/component/external/model/LazyVariantBackedConfigurationMetadata done
Event: 13.327 loading class org/gradle/internal/component/external/model/AbstractVariantBackedConfigurationMetadata
Event: 13.327 loading class org/gradle/internal/component/external/model/AbstractVariantBackedConfigurationMetadata done


Dynamic libraries:
0x00007ff6eb040000 - 0x00007ff6eb071000 	C:\Program Files\Android\Android Studio1\jre\bin\java.exe
0x00007fff88ad0000 - 0x00007fff88cc5000 	C:\WINDOWS\SYSTEM32\ntdll.dll
0x00007fff878d0000 - 0x00007fff8798d000 	C:\WINDOWS\System32\KERNEL32.DLL
0x00007fff862f0000 - 0x00007fff865b8000 	C:\WINDOWS\System32\KERNELBASE.dll
0x00007fff88380000 - 0x00007fff8842c000 	C:\WINDOWS\System32\ADVAPI32.dll
0x00007fff87830000 - 0x00007fff878ce000 	C:\WINDOWS\System32\msvcrt.dll
0x00007fff87990000 - 0x00007fff87a2b000 	C:\WINDOWS\System32\sechost.dll
0x00007fff87fd0000 - 0x00007fff880fb000 	C:\WINDOWS\System32\RPCRT4.dll
0x00007fff881e0000 - 0x00007fff88380000 	C:\WINDOWS\System32\USER32.dll
0x00007fff86290000 - 0x00007fff862b2000 	C:\WINDOWS\System32\win32u.dll
0x00007fff88570000 - 0x00007fff8859a000 	C:\WINDOWS\System32\GDI32.dll
0x00007fff865c0000 - 0x00007fff866cb000 	C:\WINDOWS\System32\gdi32full.dll
0x00007fff86780000 - 0x00007fff8681d000 	C:\WINDOWS\System32\msvcp_win.dll
0x00007fff86a30000 - 0x00007fff86b30000 	C:\WINDOWS\System32\ucrtbase.dll
0x00007fff74b80000 - 0x00007fff74e1a000 	C:\WINDOWS\WinSxS\amd64_microsoft.windows.common-controls_6595b64144ccf1df_6.0.19041.844_none_ca00b6081b84eb1d\COMCTL32.dll
0x00007fff88100000 - 0x00007fff88130000 	C:\WINDOWS\System32\IMM32.DLL
0x0000000077d50000 - 0x0000000077e22000 	C:\Program Files\Android\Android Studio1\jre\jre\bin\msvcr100.dll
0x0000000077440000 - 0x0000000077c8b000 	C:\Program Files\Android\Android Studio1\jre\jre\bin\server\jvm.dll
0x00007fff86da0000 - 0x00007fff86da8000 	C:\WINDOWS\System32\PSAPI.DLL
0x00007fff6daf0000 - 0x00007fff6daf9000 	C:\WINDOWS\SYSTEM32\WSOCK32.dll
0x00007fff7f1a0000 - 0x00007fff7f1aa000 	C:\WINDOWS\SYSTEM32\VERSION.dll
0x00007fff7cf50000 - 0x00007fff7cf77000 	C:\WINDOWS\SYSTEM32\WINMM.dll
0x00007fff87f60000 - 0x00007fff87fcb000 	C:\WINDOWS\System32\WS2_32.dll
0x00007fff81d00000 - 0x00007fff81d0f000 	C:\Program Files\Android\Android Studio1\jre\jre\bin\verify.dll
0x00007fff7eeb0000 - 0x00007fff7eed9000 	C:\Program Files\Android\Android Studio1\jre\jre\bin\java.dll
0x00007fff803e0000 - 0x00007fff803f6000 	C:\Program Files\Android\Android Studio1\jre\jre\bin\zip.dll
0x00007fff86fc0000 - 0x00007fff87702000 	C:\WINDOWS\System32\SHELL32.dll
0x00007fff84360000 - 0x00007fff84af0000 	C:\WINDOWS\SYSTEM32\windows.storage.dll
0x00007fff87ae0000 - 0x00007fff87e35000 	C:\WINDOWS\System32\combase.dll
0x00007fff85c10000 - 0x00007fff85c3c000 	C:\WINDOWS\SYSTEM32\Wldp.dll
0x00007fff87a30000 - 0x00007fff87ade000 	C:\WINDOWS\System32\SHCORE.dll
0x00007fff86c60000 - 0x00007fff86cb5000 	C:\WINDOWS\System32\shlwapi.dll
0x00007fff86150000 - 0x00007fff8616f000 	C:\WINDOWS\SYSTEM32\profapi.dll
0x00007fff7efb0000 - 0x00007fff7efca000 	C:\Program Files\Android\Android Studio1\jre\jre\bin\net.dll
0x00007fff85920000 - 0x00007fff8598a000 	C:\WINDOWS\system32\mswsock.dll
0x00007fff7e8e0000 - 0x00007fff7e8f3000 	C:\Program Files\Android\Android Studio1\jre\jre\bin\nio.dll
0x00007fff726b0000 - 0x00007fff726d7000 	C:\Users\Bagus Bachtiar\.gradle\native\f6784746aeab05261644944871eae4fe03e0ef1612fff0a4a95f87b438bc6780\windows-amd64\native-platform.dll
0x00007fff804b0000 - 0x00007fff804bd000 	C:\Program Files\Android\Android Studio1\jre\jre\bin\management.dll
0x00007fff85b60000 - 0x00007fff85b78000 	C:\WINDOWS\SYSTEM32\CRYPTSP.dll
0x00007fff852c0000 - 0x00007fff852f4000 	C:\WINDOWS\system32\rsaenh.dll
0x00007fff862c0000 - 0x00007fff862e7000 	C:\WINDOWS\System32\bcrypt.dll
0x00007fff860d0000 - 0x00007fff860fe000 	C:\WINDOWS\SYSTEM32\USERENV.dll
0x00007fff86210000 - 0x00007fff86290000 	C:\WINDOWS\System32\bcryptprimitives.dll
0x00007fff85b50000 - 0x00007fff85b5c000 	C:\WINDOWS\SYSTEM32\CRYPTBASE.dll
0x00007fff85610000 - 0x00007fff8564b000 	C:\WINDOWS\SYSTEM32\IPHLPAPI.DLL
0x00007fff86d90000 - 0x00007fff86d98000 	C:\WINDOWS\System32\NSI.dll
0x00007fff7f0b0000 - 0x00007fff7f0c7000 	C:\WINDOWS\SYSTEM32\dhcpcsvc6.DLL
0x00007fff7f0f0000 - 0x00007fff7f10d000 	C:\WINDOWS\SYSTEM32\dhcpcsvc.DLL
0x00007fff85650000 - 0x00007fff8571c000 	C:\WINDOWS\SYSTEM32\DNSAPI.dll
0x00007fff7f540000 - 0x00007fff7f54b000 	C:\WINDOWS\SYSTEM32\WINNSI.DLL

VM Arguments:
jvm_args: -Xmx2048m -Dfile.encoding=UTF-8 -Duser.country=US -Duser.language=en -Duser.variant 
java_command: org.gradle.launcher.daemon.bootstrap.GradleDaemon 6.5
java_class_path (initial): C:\Users\Bagus Bachtiar\.gradle\wrapper\dists\gradle-6.5-bin\6nifqtx7604sqp1q6g8wikw7p\gradle-6.5\lib\gradle-launcher-6.5.jar
Launcher Type: SUN_STANDARD

Environment Variables:
PATH=C:\Program Files (x86)\Common Files\Oracle\Java\javapath;C:\Windows\system32;C:\Windows;C:\Windows\System32\Wbem;C:\Windows\System32\WindowsPowerShell\v1.0\;C:\Windows\System32\OpenSSH\;C:\Program Files (x86)\NVIDIA Corporation\PhysX\Common;C:\Program Files\NVIDIA Corporation\NVIDIA NvDLISR;C:\WINDOWS\system32;C:\WINDOWS;C:\WINDOWS\System32\Wbem;C:\WINDOWS\System32\WindowsPowerShell\v1.0\;C:\WINDOWS\System32\OpenSSH\;C:\Program Files\Git\cmd;C:\xampp\php;C:\ProgramData\ComposerSetup\bin;C:\Program Files\nodejs\;C:\Users\Bagus Bachtiar\AppData\Local\Microsoft\WindowsApps;C:\Users\Bagus Bachtiar\AppData\Local\GitHubDesktop\bin;C:\Users\Bagus Bachtiar\AppData\Roaming\Composer\vendor\bin;C:\Users\Bagus Bachtiar\AppData\Roaming\npm;C:\Users\Bagus Bachtiar\AppData\Local\Programs\Microsoft VS Code\bin
USERNAME=Bagus Bachtiar
OS=Windows_NT
PROCESSOR_IDENTIFIER=AMD64 Family 23 Model 96 Stepping 1, AuthenticAMD



---------------  S Y S T E M  ---------------

OS: Windows 10.0 , 64 bit Build 19041 (10.0.19041.928)

CPU:total 16 (initial active 16) (16 cores per cpu, 1 threads per core) family 23 model 96 stepping 1, cmov, cx8, fxsr, mmx, sse, sse2, sse3, ssse3, sse4.1, sse4.2, popcnt, avx, avx2, aes, clmul, mmxext, 3dnowpref, lzcnt, sse4a, tsc, tscinvbit, tscinv, bmi1

Memory: 4k page, physical 7780032k(275968k free), swap 31897280k(4k free)

vm_info: OpenJDK 64-Bit Server VM (25.242-b01) for windows-amd64 JRE (1.8.0_242-release-1644-b01), built by "builder" with MS VC++ 10.0 (VS2010)

time: Sun May 30 19:06:57 2021
timezone: SE Asia Standard Time
elapsed time: 13 seconds (0d 0h 0m 13s)

